<?xml version="1.0" encoding="UTF-8"?>
<coverage generated="1631521084186" clover="3.2.0">
  <project timestamp="1631521084187" name="All files">
    <metrics statements="14" coveredstatements="9" conditionals="2" coveredconditionals="1" methods="10" coveredmethods="4" elements="26" coveredelements="14" complexity="0" loc="14" ncloc="14" packages="2" files="3" classes="3"/>
    <package name="api">
      <metrics statements="6" coveredstatements="5" conditionals="0" coveredconditionals="0" methods="5" coveredmethods="0"/>
      <file name="999.js" path="/home/abonta/PhpstormProjects/preot.md-fr/src/api/999.js">
        <metrics statements="6" coveredstatements="5" conditionals="0" coveredconditionals="0" methods="5" coveredmethods="0"/>
        <line num="3" count="1" type="stmt"/>
        <line num="4" count="1" type="stmt"/>
        <line num="5" count="1" type="stmt"/>
        <line num="6" count="1" type="stmt"/>
        <line num="8" count="1" type="stmt"/>
        <line num="9" count="0" type="stmt"/>
      </file>
      <file name="api.js" path="/home/abonta/PhpstormProjects/preot.md-fr/src/api/api.js">
        <metrics statements="0" coveredstatements="0" conditionals="0" coveredconditionals="0" methods="0" coveredmethods="0"/>
      </file>
    </package>
    <package name="store.modules">
      <metrics statements="8" coveredstatements="4" conditionals="2" coveredconditionals="1" methods="5" coveredmethods="4"/>
      <file name="searchSuggestions.js" path="/home/abonta/PhpstormProjects/preot.md-fr/src/store/modules/searchSuggestions.js">
        <metrics statements="8" coveredstatements="4" conditionals="2" coveredconditionals="1" methods="5" coveredmethods="4"/>
        <line num="10" count="2" type="cond" truecount="1" falsecount="1"/>
        <line num="11" count="2" type="stmt"/>
        <line num="15" count="0" type="stmt"/>
        <line num="16" count="0" type="stmt"/>
        <line num="17" count="0" type="stmt"/>
        <line num="18" count="0" type="stmt"/>
        <line num="23" count="1" type="stmt"/>
        <line num="26" count="1" type="stmt"/>
      </file>
    </package>
  </project>
</coverage>
