{"/home/abonta/PhpstormProjects/preot.md-fr/src/store/modules/categories.js": {"path":"/home/abonta/PhpstormProjects/preot.md-fr/src/store/modules/categories.js","statementMap":{"0":{"start":{"line":10,"column":28},"end":{"line":10,"column":38}},"1":{"start":{"line":11,"column":33},"end":{"line":11,"column":48}},"2":{"start":{"line":15,"column":12},"end":{"line":15,"column":41}},"3":{"start":{"line":16,"column":31},"end":{"line":16,"column":54}},"4":{"start":{"line":17,"column":12},"end":{"line":17,"column":55}},"5":{"start":{"line":18,"column":12},"end":{"line":18,"column":42}},"6":{"start":{"line":23,"column":12},"end":{"line":23,"column":32}},"7":{"start":{"line":26,"column":12},"end":{"line":26,"column":37}}},"fnMap":{"0":{"name":"(anonymous_0)","decl":{"start":{"line":10,"column":17},"end":{"line":10,"column":18}},"loc":{"start":{"line":10,"column":28},"end":{"line":10,"column":38}},"line":10},"1":{"name":"(anonymous_1)","decl":{"start":{"line":11,"column":22},"end":{"line":11,"column":23}},"loc":{"start":{"line":11,"column":33},"end":{"line":11,"column":48}},"line":11},"2":{"name":"(anonymous_2)","decl":{"start":{"line":14,"column":8},"end":{"line":14,"column":9}},"loc":{"start":{"line":14,"column":40},"end":{"line":19,"column":9}},"line":14},"3":{"name":"(anonymous_3)","decl":{"start":{"line":22,"column":8},"end":{"line":22,"column":9}},"loc":{"start":{"line":22,"column":35},"end":{"line":24,"column":9}},"line":22},"4":{"name":"(anonymous_4)","decl":{"start":{"line":25,"column":8},"end":{"line":25,"column":9}},"loc":{"start":{"line":25,"column":38},"end":{"line":27,"column":9}},"line":25}},"branchMap":{},"s":{"0":3,"1":3,"2":1,"3":1,"4":1,"5":1,"6":2,"7":3},"f":{"0":3,"1":3,"2":1,"3":2,"4":3},"b":{},"_coverageSchema":"43e27e138ebf9cfc5966b082cf9a028302ed4184","hash":"2b0c85b6eadfae760e9538c315fd2d7bddadec19"}
,"/home/abonta/PhpstormProjects/preot.md-fr/src/store/modules/item.js": {"path":"/home/abonta/PhpstormProjects/preot.md-fr/src/store/modules/item.js","statementMap":{"0":{"start":{"line":3,"column":21},"end":{"line":6,"column":1}},"1":{"start":{"line":12,"column":29},"end":{"line":12,"column":33}},"2":{"start":{"line":13,"column":33},"end":{"line":13,"column":48}},"3":{"start":{"line":17,"column":12},"end":{"line":17,"column":47}},"4":{"start":{"line":18,"column":25},"end":{"line":18,"column":58}},"5":{"start":{"line":19,"column":12},"end":{"line":19,"column":55}},"6":{"start":{"line":20,"column":12},"end":{"line":20,"column":48}},"7":{"start":{"line":25,"column":12},"end":{"line":25,"column":37}},"8":{"start":{"line":28,"column":12},"end":{"line":28,"column":32}}},"fnMap":{"0":{"name":"(anonymous_0)","decl":{"start":{"line":12,"column":17},"end":{"line":12,"column":18}},"loc":{"start":{"line":12,"column":29},"end":{"line":12,"column":33}},"line":12},"1":{"name":"(anonymous_1)","decl":{"start":{"line":13,"column":22},"end":{"line":13,"column":23}},"loc":{"start":{"line":13,"column":33},"end":{"line":13,"column":48}},"line":13},"2":{"name":"(anonymous_2)","decl":{"start":{"line":16,"column":8},"end":{"line":16,"column":9}},"loc":{"start":{"line":16,"column":39},"end":{"line":21,"column":9}},"line":16},"3":{"name":"(anonymous_3)","decl":{"start":{"line":24,"column":8},"end":{"line":24,"column":9}},"loc":{"start":{"line":24,"column":38},"end":{"line":26,"column":9}},"line":24},"4":{"name":"(anonymous_4)","decl":{"start":{"line":27,"column":8},"end":{"line":27,"column":9}},"loc":{"start":{"line":27,"column":35},"end":{"line":29,"column":9}},"line":27}},"branchMap":{},"s":{"0":1,"1":3,"2":3,"3":1,"4":1,"5":1,"6":1,"7":3,"8":2},"f":{"0":3,"1":3,"2":1,"3":3,"4":2},"b":{},"_coverageSchema":"43e27e138ebf9cfc5966b082cf9a028302ed4184","hash":"daa21a764ab144bd432b8807ba7319d2f9342806"}
,"/home/abonta/PhpstormProjects/preot.md-fr/src/store/modules/productHistory.js": {"path":"/home/abonta/PhpstormProjects/preot.md-fr/src/store/modules/productHistory.js","statementMap":{"0":{"start":{"line":1,"column":21},"end":{"line":3,"column":1}},"1":{"start":{"line":9,"column":28},"end":{"line":9,"column":51}},"2":{"start":{"line":9,"column":36},"end":{"line":9,"column":51}},"3":{"start":{"line":14,"column":12},"end":{"line":22,"column":13}},"4":{"start":{"line":15,"column":16},"end":{"line":15,"column":50}},"5":{"start":{"line":16,"column":35},"end":{"line":16,"column":72}},"6":{"start":{"line":17,"column":34},"end":{"line":17,"column":67}},"7":{"start":{"line":18,"column":16},"end":{"line":20,"column":17}},"8":{"start":{"line":19,"column":20},"end":{"line":19,"column":47}},"9":{"start":{"line":21,"column":16},"end":{"line":21,"column":60}}},"fnMap":{"0":{"name":"(anonymous_0)","decl":{"start":{"line":9,"column":17},"end":{"line":9,"column":18}},"loc":{"start":{"line":9,"column":28},"end":{"line":9,"column":51}},"line":9},"1":{"name":"(anonymous_1)","decl":{"start":{"line":9,"column":28},"end":{"line":9,"column":29}},"loc":{"start":{"line":9,"column":36},"end":{"line":9,"column":51}},"line":9},"2":{"name":"(anonymous_2)","decl":{"start":{"line":13,"column":8},"end":{"line":13,"column":9}},"loc":{"start":{"line":13,"column":36},"end":{"line":23,"column":9}},"line":13}},"branchMap":{"0":{"loc":{"start":{"line":16,"column":35},"end":{"line":16,"column":72}},"type":"binary-expr","locations":[{"start":{"line":16,"column":35},"end":{"line":16,"column":66}},{"start":{"line":16,"column":70},"end":{"line":16,"column":72}}],"line":16},"1":{"loc":{"start":{"line":18,"column":16},"end":{"line":20,"column":17}},"type":"if","locations":[{"start":{"line":18,"column":16},"end":{"line":20,"column":17}},{"start":{"line":18,"column":16},"end":{"line":20,"column":17}}],"line":18}},"s":{"0":1,"1":1,"2":2,"3":2,"4":6,"5":6,"6":6,"7":6,"8":5,"9":6},"f":{"0":1,"1":2,"2":2},"b":{"0":[6,3],"1":[5,1]},"_coverageSchema":"43e27e138ebf9cfc5966b082cf9a028302ed4184","hash":"713dd72e0bdcdc3192f52ebbbd8326c1220cfafe"}
,"/home/abonta/PhpstormProjects/preot.md-fr/src/store/modules/products.js": {"path":"/home/abonta/PhpstormProjects/preot.md-fr/src/store/modules/products.js","statementMap":{"0":{"start":{"line":4,"column":21},"end":{"line":7,"column":1}},"1":{"start":{"line":13,"column":28},"end":{"line":13,"column":38}},"2":{"start":{"line":14,"column":33},"end":{"line":14,"column":48}},"3":{"start":{"line":18,"column":12},"end":{"line":18,"column":47}},"4":{"start":{"line":19,"column":27},"end":{"line":19,"column":57}},"5":{"start":{"line":20,"column":27},"end":{"line":20,"column":74}},"6":{"start":{"line":21,"column":29},"end":{"line":21,"column":56}},"7":{"start":{"line":22,"column":12},"end":{"line":22,"column":82}},"8":{"start":{"line":23,"column":12},"end":{"line":27,"column":13}},"9":{"start":{"line":24,"column":16},"end":{"line":24,"column":63}},"10":{"start":{"line":26,"column":16},"end":{"line":26,"column":57}},"11":{"start":{"line":28,"column":12},"end":{"line":28,"column":48}},"12":{"start":{"line":33,"column":12},"end":{"line":33,"column":32}},"13":{"start":{"line":36,"column":12},"end":{"line":36,"column":51}},"14":{"start":{"line":39,"column":12},"end":{"line":39,"column":37}}},"fnMap":{"0":{"name":"(anonymous_0)","decl":{"start":{"line":13,"column":17},"end":{"line":13,"column":18}},"loc":{"start":{"line":13,"column":28},"end":{"line":13,"column":38}},"line":13},"1":{"name":"(anonymous_1)","decl":{"start":{"line":14,"column":22},"end":{"line":14,"column":23}},"loc":{"start":{"line":14,"column":33},"end":{"line":14,"column":48}},"line":14},"2":{"name":"(anonymous_2)","decl":{"start":{"line":17,"column":8},"end":{"line":17,"column":9}},"loc":{"start":{"line":17,"column":52},"end":{"line":29,"column":9}},"line":17},"3":{"name":"(anonymous_3)","decl":{"start":{"line":32,"column":8},"end":{"line":32,"column":9}},"loc":{"start":{"line":32,"column":35},"end":{"line":34,"column":9}},"line":32},"4":{"name":"(anonymous_4)","decl":{"start":{"line":35,"column":8},"end":{"line":35,"column":9}},"loc":{"start":{"line":35,"column":41},"end":{"line":37,"column":9}},"line":35},"5":{"name":"(anonymous_5)","decl":{"start":{"line":38,"column":8},"end":{"line":38,"column":9}},"loc":{"start":{"line":38,"column":38},"end":{"line":40,"column":9}},"line":38}},"branchMap":{"0":{"loc":{"start":{"line":17,"column":41},"end":{"line":17,"column":49}},"type":"default-arg","locations":[{"start":{"line":17,"column":48},"end":{"line":17,"column":49}}],"line":17},"1":{"loc":{"start":{"line":19,"column":27},"end":{"line":19,"column":57}},"type":"cond-expr","locations":[{"start":{"line":19,"column":48},"end":{"line":19,"column":51}},{"start":{"line":19,"column":54},"end":{"line":19,"column":57}}],"line":19},"2":{"loc":{"start":{"line":23,"column":12},"end":{"line":27,"column":13}},"type":"if","locations":[{"start":{"line":23,"column":12},"end":{"line":27,"column":13}},{"start":{"line":23,"column":12},"end":{"line":27,"column":13}}],"line":23}},"s":{"0":1,"1":4,"2":3,"3":2,"4":2,"5":2,"6":2,"7":2,"8":2,"9":1,"10":1,"11":2,"12":4,"13":2,"14":5},"f":{"0":4,"1":3,"2":2,"3":4,"4":2,"5":5},"b":{"0":[1],"1":[1,1],"2":[1,1]},"_coverageSchema":"43e27e138ebf9cfc5966b082cf9a028302ed4184","hash":"d3e635c62f5b434aed709d7bd1059b99a66f351e"}
,"/home/abonta/PhpstormProjects/preot.md-fr/src/store/modules/searchSuggestions.js": {"path":"/home/abonta/PhpstormProjects/preot.md-fr/src/store/modules/searchSuggestions.js","statementMap":{"0":{"start":{"line":3,"column":21},"end":{"line":6,"column":1}},"1":{"start":{"line":12,"column":35},"end":{"line":12,"column":53}},"2":{"start":{"line":13,"column":50},"end":{"line":13,"column":82}},"3":{"start":{"line":17,"column":12},"end":{"line":17,"column":66}},"4":{"start":{"line":18,"column":32},"end":{"line":18,"column":63}},"5":{"start":{"line":19,"column":12},"end":{"line":19,"column":88}},"6":{"start":{"line":20,"column":12},"end":{"line":20,"column":67}},"7":{"start":{"line":25,"column":12},"end":{"line":25,"column":34}},"8":{"start":{"line":28,"column":12},"end":{"line":28,"column":54}}},"fnMap":{"0":{"name":"(anonymous_0)","decl":{"start":{"line":12,"column":24},"end":{"line":12,"column":25}},"loc":{"start":{"line":12,"column":35},"end":{"line":12,"column":53}},"line":12},"1":{"name":"(anonymous_1)","decl":{"start":{"line":13,"column":39},"end":{"line":13,"column":40}},"loc":{"start":{"line":13,"column":50},"end":{"line":13,"column":82}},"line":13},"2":{"name":"(anonymous_2)","decl":{"start":{"line":16,"column":8},"end":{"line":16,"column":9}},"loc":{"start":{"line":16,"column":46},"end":{"line":21,"column":9}},"line":16},"3":{"name":"(anonymous_3)","decl":{"start":{"line":24,"column":8},"end":{"line":24,"column":9}},"loc":{"start":{"line":24,"column":48},"end":{"line":26,"column":9}},"line":24},"4":{"name":"(anonymous_4)","decl":{"start":{"line":27,"column":8},"end":{"line":27,"column":9}},"loc":{"start":{"line":27,"column":57},"end":{"line":29,"column":9}},"line":27}},"branchMap":{"0":{"loc":{"start":{"line":12,"column":35},"end":{"line":12,"column":53}},"type":"binary-expr","locations":[{"start":{"line":12,"column":35},"end":{"line":12,"column":47}},{"start":{"line":12,"column":51},"end":{"line":12,"column":53}}],"line":12}},"s":{"0":1,"1":4,"2":5,"3":2,"4":2,"5":2,"6":2,"7":3,"8":5},"f":{"0":4,"1":5,"2":2,"3":3,"4":5},"b":{"0":[4,1]},"_coverageSchema":"43e27e138ebf9cfc5966b082cf9a028302ed4184","hash":"3aa5d173d3f753314e4ebe8b0da191bc9002cdb6"}
,"/home/abonta/PhpstormProjects/preot.md-fr/src/store/modules/settings.js": {"path":"/home/abonta/PhpstormProjects/preot.md-fr/src/store/modules/settings.js","statementMap":{"0":{"start":{"line":9,"column":39},"end":{"line":9,"column":62}},"1":{"start":{"line":14,"column":12},"end":{"line":14,"column":45}}},"fnMap":{"0":{"name":"(anonymous_0)","decl":{"start":{"line":9,"column":28},"end":{"line":9,"column":29}},"loc":{"start":{"line":9,"column":39},"end":{"line":9,"column":62}},"line":9},"1":{"name":"(anonymous_1)","decl":{"start":{"line":13,"column":8},"end":{"line":13,"column":9}},"loc":{"start":{"line":13,"column":43},"end":{"line":16,"column":9}},"line":13}},"branchMap":{},"s":{"0":2,"1":1},"f":{"0":2,"1":1},"b":{},"_coverageSchema":"43e27e138ebf9cfc5966b082cf9a028302ed4184","hash":"717ba065f29b6bfae28f596baed34cad26d8bd25"}
,"/home/abonta/PhpstormProjects/preot.md-fr/src/store/modules/tests/stubs/itemTestDataProvider.js": {"path":"/home/abonta/PhpstormProjects/preot.md-fr/src/store/modules/tests/stubs/itemTestDataProvider.js","statementMap":{"0":{"start":{"line":1,"column":24},"end":{"line":51,"column":1}}},"fnMap":{},"branchMap":{},"s":{"0":1},"f":{},"b":{},"_coverageSchema":"43e27e138ebf9cfc5966b082cf9a028302ed4184","hash":"e2180a5abd6aa1e47e94995935041445c2c1c5ee"}
,"/home/abonta/PhpstormProjects/preot.md-fr/src/store/modules/tests/stubs/productsHistoryDataProvider.js": {"path":"/home/abonta/PhpstormProjects/preot.md-fr/src/store/modules/tests/stubs/productsHistoryDataProvider.js","statementMap":{"0":{"start":{"line":1,"column":24},"end":{"line":14,"column":1}},"1":{"start":{"line":16,"column":27},"end":{"line":29,"column":1}}},"fnMap":{},"branchMap":{},"s":{"0":1,"1":1},"f":{},"b":{},"_coverageSchema":"43e27e138ebf9cfc5966b082cf9a028302ed4184","hash":"5b2194755a197a75008f2d0af3ba0f0a973bf2c9"}
,"/home/abonta/PhpstormProjects/preot.md-fr/src/store/modules/tests/stubs/productsTestDataProvider.js": {"path":"/home/abonta/PhpstormProjects/preot.md-fr/src/store/modules/tests/stubs/productsTestDataProvider.js","statementMap":{"0":{"start":{"line":1,"column":29},"end":{"line":665,"column":2}},"1":{"start":{"line":668,"column":29},"end":{"line":1332,"column":2}}},"fnMap":{},"branchMap":{},"s":{"0":1,"1":1},"f":{},"b":{},"_coverageSchema":"43e27e138ebf9cfc5966b082cf9a028302ed4184","hash":"3aea1d157ce918956694422d4463d1934d412823"}
}
