{"/home/abonta/PhpstormProjects/preot.md-fr/src/api/999.js": {"path":"/home/abonta/PhpstormProjects/preot.md-fr/src/api/999.js","statementMap":{"0":{"start":{"line":3,"column":32},"end":{"line":3,"column":86}},"1":{"start":{"line":3,"column":44},"end":{"line":3,"column":86}},"2":{"start":{"line":4,"column":31},"end":{"line":4,"column":58}},"3":{"start":{"line":4,"column":37},"end":{"line":4,"column":58}},"4":{"start":{"line":5,"column":25},"end":{"line":5,"column":68}},"5":{"start":{"line":5,"column":35},"end":{"line":5,"column":68}},"6":{"start":{"line":6,"column":29},"end":{"line":6,"column":84}},"7":{"start":{"line":6,"column":45},"end":{"line":6,"column":84}},"8":{"start":{"line":8,"column":28},"end":{"line":10,"column":1}},"9":{"start":{"line":9,"column":4},"end":{"line":9,"column":26}}},"fnMap":{"0":{"name":"(anonymous_0)","decl":{"start":{"line":3,"column":32},"end":{"line":3,"column":33}},"loc":{"start":{"line":3,"column":44},"end":{"line":3,"column":86}},"line":3},"1":{"name":"(anonymous_1)","decl":{"start":{"line":4,"column":31},"end":{"line":4,"column":32}},"loc":{"start":{"line":4,"column":37},"end":{"line":4,"column":58}},"line":4},"2":{"name":"(anonymous_2)","decl":{"start":{"line":5,"column":25},"end":{"line":5,"column":26}},"loc":{"start":{"line":5,"column":35},"end":{"line":5,"column":68}},"line":5},"3":{"name":"(anonymous_3)","decl":{"start":{"line":6,"column":29},"end":{"line":6,"column":30}},"loc":{"start":{"line":6,"column":45},"end":{"line":6,"column":84}},"line":6},"4":{"name":"(anonymous_4)","decl":{"start":{"line":8,"column":28},"end":{"line":8,"column":29}},"loc":{"start":{"line":8,"column":34},"end":{"line":10,"column":1}},"line":8}},"branchMap":{},"s":{"0":1,"1":0,"2":1,"3":0,"4":1,"5":0,"6":1,"7":0,"8":1,"9":0},"f":{"0":0,"1":0,"2":0,"3":0,"4":0},"b":{},"_coverageSchema":"43e27e138ebf9cfc5966b082cf9a028302ed4184","hash":"a9455da7fe58db6e6ae662987ed072fc9aca3345"}
,"/home/abonta/PhpstormProjects/preot.md-fr/src/api/api.js": {"path":"/home/abonta/PhpstormProjects/preot.md-fr/src/api/api.js","statementMap":{},"fnMap":{},"branchMap":{},"s":{},"f":{},"b":{},"_coverageSchema":"43e27e138ebf9cfc5966b082cf9a028302ed4184","hash":"de54e10d9a06666f2a1753cf7eecdf162d9caa3e"}
,"/home/abonta/PhpstormProjects/preot.md-fr/src/store/modules/searchSuggestions.js": {"path":"/home/abonta/PhpstormProjects/preot.md-fr/src/store/modules/searchSuggestions.js","statementMap":{"0":{"start":{"line":10,"column":35},"end":{"line":10,"column":53}},"1":{"start":{"line":11,"column":50},"end":{"line":11,"column":82}},"2":{"start":{"line":15,"column":12},"end":{"line":15,"column":66}},"3":{"start":{"line":16,"column":32},"end":{"line":16,"column":63}},"4":{"start":{"line":17,"column":12},"end":{"line":17,"column":88}},"5":{"start":{"line":18,"column":12},"end":{"line":18,"column":67}},"6":{"start":{"line":23,"column":12},"end":{"line":23,"column":34}},"7":{"start":{"line":26,"column":12},"end":{"line":26,"column":54}}},"fnMap":{"0":{"name":"(anonymous_0)","decl":{"start":{"line":10,"column":24},"end":{"line":10,"column":25}},"loc":{"start":{"line":10,"column":35},"end":{"line":10,"column":53}},"line":10},"1":{"name":"(anonymous_1)","decl":{"start":{"line":11,"column":39},"end":{"line":11,"column":40}},"loc":{"start":{"line":11,"column":50},"end":{"line":11,"column":82}},"line":11},"2":{"name":"(anonymous_2)","decl":{"start":{"line":14,"column":8},"end":{"line":14,"column":9}},"loc":{"start":{"line":14,"column":46},"end":{"line":19,"column":9}},"line":14},"3":{"name":"(anonymous_3)","decl":{"start":{"line":22,"column":8},"end":{"line":22,"column":9}},"loc":{"start":{"line":22,"column":48},"end":{"line":24,"column":9}},"line":22},"4":{"name":"(anonymous_4)","decl":{"start":{"line":25,"column":8},"end":{"line":25,"column":9}},"loc":{"start":{"line":25,"column":57},"end":{"line":27,"column":9}},"line":25}},"branchMap":{"0":{"loc":{"start":{"line":10,"column":35},"end":{"line":10,"column":53}},"type":"binary-expr","locations":[{"start":{"line":10,"column":35},"end":{"line":10,"column":47}},{"start":{"line":10,"column":51},"end":{"line":10,"column":53}}],"line":10}},"s":{"0":2,"1":2,"2":0,"3":0,"4":0,"5":0,"6":1,"7":1},"f":{"0":2,"1":2,"2":0,"3":1,"4":1},"b":{"0":[2,0]},"_coverageSchema":"43e27e138ebf9cfc5966b082cf9a028302ed4184","hash":"2fab8718a0172779c7c61db1f3f0ee5425ac161f"}
}
