TN:
SF:/home/abonta/PhpstormProjects/preot.md-fr/src/store/modules/categories.js
FN:10,(anonymous_0)
FN:11,(anonymous_1)
FN:14,(anonymous_2)
FN:22,(anonymous_3)
FN:25,(anonymous_4)
FNF:5
FNH:5
FNDA:3,(anonymous_0)
FNDA:3,(anonymous_1)
FNDA:1,(anonymous_2)
FNDA:2,(anonymous_3)
FNDA:3,(anonymous_4)
DA:10,3
DA:11,3
DA:15,1
DA:16,1
DA:17,1
DA:18,1
DA:23,2
DA:26,3
LF:8
LH:8
BRF:0
BRH:0
end_of_record
TN:
SF:/home/abonta/PhpstormProjects/preot.md-fr/src/store/modules/item.js
FN:12,(anonymous_0)
FN:13,(anonymous_1)
FN:16,(anonymous_2)
FN:24,(anonymous_3)
FN:27,(anonymous_4)
FNF:5
FNH:5
FNDA:3,(anonymous_0)
FNDA:3,(anonymous_1)
FNDA:1,(anonymous_2)
FNDA:3,(anonymous_3)
FNDA:2,(anonymous_4)
DA:3,1
DA:12,3
DA:13,3
DA:17,1
DA:18,1
DA:19,1
DA:20,1
DA:25,3
DA:28,2
LF:9
LH:9
BRF:0
BRH:0
end_of_record
TN:
SF:/home/abonta/PhpstormProjects/preot.md-fr/src/store/modules/productHistory.js
FN:9,(anonymous_0)
FN:9,(anonymous_1)
FN:13,(anonymous_2)
FNF:3
FNH:3
FNDA:1,(anonymous_0)
FNDA:2,(anonymous_1)
FNDA:2,(anonymous_2)
DA:1,1
DA:9,2
DA:14,2
DA:15,6
DA:16,6
DA:17,6
DA:18,6
DA:19,5
DA:21,6
LF:9
LH:9
BRDA:16,0,0,6
BRDA:16,0,1,3
BRDA:18,1,0,5
BRDA:18,1,1,1
BRF:4
BRH:4
end_of_record
TN:
SF:/home/abonta/PhpstormProjects/preot.md-fr/src/store/modules/products.js
FN:13,(anonymous_0)
FN:14,(anonymous_1)
FN:17,(anonymous_2)
FN:32,(anonymous_3)
FN:35,(anonymous_4)
FN:38,(anonymous_5)
FNF:6
FNH:6
FNDA:4,(anonymous_0)
FNDA:3,(anonymous_1)
FNDA:2,(anonymous_2)
FNDA:4,(anonymous_3)
FNDA:2,(anonymous_4)
FNDA:5,(anonymous_5)
DA:4,1
DA:13,4
DA:14,3
DA:18,2
DA:19,2
DA:20,2
DA:21,2
DA:22,2
DA:23,2
DA:24,1
DA:26,1
DA:28,2
DA:33,4
DA:36,2
DA:39,5
LF:15
LH:15
BRDA:17,0,0,1
BRDA:19,1,0,1
BRDA:19,1,1,1
BRDA:23,2,0,1
BRDA:23,2,1,1
BRF:5
BRH:5
end_of_record
TN:
SF:/home/abonta/PhpstormProjects/preot.md-fr/src/store/modules/searchSuggestions.js
FN:12,(anonymous_0)
FN:13,(anonymous_1)
FN:16,(anonymous_2)
FN:24,(anonymous_3)
FN:27,(anonymous_4)
FNF:5
FNH:5
FNDA:4,(anonymous_0)
FNDA:5,(anonymous_1)
FNDA:2,(anonymous_2)
FNDA:3,(anonymous_3)
FNDA:5,(anonymous_4)
DA:3,1
DA:12,4
DA:13,5
DA:17,2
DA:18,2
DA:19,2
DA:20,2
DA:25,3
DA:28,5
LF:9
LH:9
BRDA:12,0,0,4
BRDA:12,0,1,1
BRF:2
BRH:2
end_of_record
TN:
SF:/home/abonta/PhpstormProjects/preot.md-fr/src/store/modules/settings.js
FN:9,(anonymous_0)
FN:13,(anonymous_1)
FNF:2
FNH:2
FNDA:2,(anonymous_0)
FNDA:1,(anonymous_1)
DA:9,2
DA:14,1
LF:2
LH:2
BRF:0
BRH:0
end_of_record
TN:
SF:/home/abonta/PhpstormProjects/preot.md-fr/src/store/modules/tests/stubs/itemTestDataProvider.js
FNF:0
FNH:0
DA:1,1
LF:1
LH:1
BRF:0
BRH:0
end_of_record
TN:
SF:/home/abonta/PhpstormProjects/preot.md-fr/src/store/modules/tests/stubs/productsHistoryDataProvider.js
FNF:0
FNH:0
DA:1,1
DA:16,1
LF:2
LH:2
BRF:0
BRH:0
end_of_record
TN:
SF:/home/abonta/PhpstormProjects/preot.md-fr/src/store/modules/tests/stubs/productsTestDataProvider.js
FNF:0
FNH:0
DA:1,1
DA:668,1
LF:2
LH:2
BRF:0
BRH:0
end_of_record
